
huhtik. 16, 2020 16:16:49.82 NEW SESSION
huhtik. 16, 2020 16:16:49.82 
huhtik. 16, 2020 16:16:49.82 ###!!! [Child][RunMessage] Error: Channel closing: too late to send/recv, messages will be lost
huhtik. 16, 2020 16:16:49.82 
huhtik. 16, 2020 16:16:49.83 
huhtik. 16, 2020 16:16:49.83 ###!!! [Child][MessageChannel::SendAndWait] Error: Channel error: cannot send/recv
huhtik. 16, 2020 16:16:49.83 
huhtik. 16, 2020 16:42:00.15 
huhtik. 16, 2020 16:42:00.15 ###!!! [Child][RunMessage] Error: Channel closing: too late to send/recv, messages will be lost
huhtik. 16, 2020 16:42:00.15 
huhtik. 16, 2020 16:42:00.17 
huhtik. 16, 2020 16:42:00.17 ###!!! [Child][MessageChannel::SendAndWait] Error: Channel error: cannot send/recv
huhtik. 16, 2020 16:42:00.17 

huhtik. 17, 2020 11:40:19.51 NEW SESSION
huhtik. 17, 2020 11:40:19.51 
huhtik. 17, 2020 11:40:19.52 ###!!! [Child][RunMessage] Error: Channel closing: too late to send/recv, messages will be lost
huhtik. 17, 2020 11:40:19.53 
huhtik. 17, 2020 11:40:19.53 
huhtik. 17, 2020 11:40:19.53 ###!!! [Child][MessageChannel::SendAndWait] Error: Channel error: cannot send/recv
huhtik. 17, 2020 11:40:19.53 
huhtik. 17, 2020 11:43:36.52 
huhtik. 17, 2020 11:43:36.53 ###!!! [Child][RunMessage] Error: Channel closing: too late to send/recv, messages will be lost
huhtik. 17, 2020 11:43:36.54 
huhtik. 17, 2020 11:43:36.54 
huhtik. 17, 2020 11:43:36.55 ###!!! [Child][MessageChannel::SendAndWait] Error: Channel error: cannot send/recv
huhtik. 17, 2020 11:43:36.55 

huhtik. 18, 2020 13:07:30.91 NEW SESSION
huhtik. 18, 2020 13:07:30.91 
huhtik. 18, 2020 13:07:30.92 ###!!! [Child][RunMessage] Error: Channel closing: too late to send/recv, messages will be lost
huhtik. 18, 2020 13:07:30.92 
huhtik. 18, 2020 13:07:30.95 
huhtik. 18, 2020 13:07:30.95 ###!!! [Child][MessageChannel::SendAndWait] Error: Channel error: cannot send/recv
huhtik. 18, 2020 13:07:30.95 

huhtik. 19, 2020 20:14:51.10 NEW SESSION
huhtik. 19, 2020 20:14:51.11 _create_dc_and_bitmap: Toiminto suoritettiin.
huhtik. 19, 2020 20:14:51.11 
huhtik. 19, 2020 20:14:51.11 _create_dc_and_bitmap: Kahva ei kelpaa.
huhtik. 19, 2020 20:14:51.11 
huhtik. 19, 2020 20:14:51.11 _create_dc_and_bitmap: Kahva ei kelpaa.
huhtik. 19, 2020 20:14:51.11 

huhtik. 25, 2020 22:12:12.18 NEW SESSION
huhtik. 25, 2020 22:12:12.18 
huhtik. 25, 2020 22:12:12.19 ###!!! [Child][RunMessage] Error: Channel closing: too late to send/recv, messages will be lost
huhtik. 25, 2020 22:12:12.20 
huhtik. 25, 2020 22:12:12.20 
huhtik. 25, 2020 22:12:12.20 ###!!! [Child][MessageChannel::SendAndWait] Error: Channel error: cannot send/recv
huhtik. 25, 2020 22:12:12.20 
huhtik. 25, 2020 23:02:49.44 
huhtik. 25, 2020 23:02:49.44 ###!!! [Child][RunMessage] Error: Channel closing: too late to send/recv, messages will be lost
huhtik. 25, 2020 23:02:49.44 
huhtik. 25, 2020 23:02:49.46 
huhtik. 25, 2020 23:02:49.46 ###!!! [Child][MessageChannel::SendAndWait] Error: Channel error: cannot send/recv
huhtik. 25, 2020 23:02:49.46 
huhtik. 26, 2020 24:36:32.98 
huhtik. 26, 2020 24:36:32.99 ###!!! [Child][RunMessage] Error: Channel closing: too late to send/recv, messages will be lost
huhtik. 26, 2020 24:36:33.00 
huhtik. 26, 2020 24:36:33.01 
huhtik. 26, 2020 24:36:33.01 ###!!! [Child][MessageChannel::SendAndWait] Error: Channel error: cannot send/recv
huhtik. 26, 2020 24:36:33.01 

huhtik. 26, 2020 16:24:35.75 NEW SESSION
huhtik. 26, 2020 16:24:35.75 
huhtik. 26, 2020 16:24:35.75 ###!!! [Child][RunMessage] Error: Channel closing: too late to send/recv, messages will be lost
huhtik. 26, 2020 16:24:35.75 
huhtik. 26, 2020 16:24:35.76 
huhtik. 26, 2020 16:24:35.76 ###!!! [Child][MessageChannel::SendAndWait] Error: Channel error: cannot send/recv
huhtik. 26, 2020 16:24:35.77 
